<?xml version="1.0" encoding="UTF-8"?>
<testng-results skipped="0" failed="0" ignored="0" total="1" passed="1">
  <reporter-output>
  </reporter-output>
  <suite name="Default suite" duration-ms="44" started-at="2019-04-02T18:40:53Z" finished-at="2019-04-02T18:40:53Z">
    <groups>
    </groups>
    <test name="Default test" duration-ms="44" started-at="2019-04-02T18:40:53Z" finished-at="2019-04-02T18:40:53Z">
      <class name="patterns.pattern1">
        <test-method status="PASS" signature="pattern1()[pri:0, instance:patterns.pattern1@56f4468b]" name="pattern1" duration-ms="16" started-at="2019-04-02T18:40:53Z" finished-at="2019-04-02T18:40:53Z">
          <reporter-output>
          </reporter-output>
        </test-method> <!-- pattern1 -->
      </class> <!-- patterns.pattern1 -->
    </test> <!-- Default test -->
  </suite> <!-- Default suite -->
</testng-results>
